<0><22/12/2022 10:50:30><Logger process started!>
<1><22/12/2022 10:50:30><Successfully opened the sensor_date file>
<2><22/12/2022 10:50:30><Successfully closed the sensor_date file>
<0><22/12/2022 22:22:31><Gateway started>
<1><22/12/2022 22:22:31><Successfully opened the sensor_date file>
<2><22/12/2022 22:22:31><A new data.csv file has been created.>
<3><22/12/2022 22:22:31><Successfully closed the sensor_date file>
<0><22/12/2022 22:24:08><Gateway started>
<1><22/12/2022 22:24:08><Successfully opened the sensor_date file>
<2><22/12/2022 22:24:08><A new data.csv file has been created.>
<3><22/12/2022 22:24:08><Successfully closed the sensor_date file>
<0><22/12/2022 22:27:23><Gateway started>
<1><22/12/2022 22:27:23><Successfully opened the sensor_date file>
<2><22/12/2022 22:27:23><A new data.csv file has been created.>
<3><22/12/2022 22:27:23><Successfully closed the sensor_date file>
<0><22/12/2022 22:30:31><Gateway started>
<1><22/12/2022 22:30:31><Successfully opened the sensor_date file>
<2><22/12/2022 22:30:31><A new data.csv file has been created.>
<3><22/12/2022 22:30:31><Successfully closed the sensor_date file>
<0><22/12/2022 22:33:31><Gateway started>
<1><22/12/2022 22:33:31><Successfully opened the sensor_date file>
<2><22/12/2022 22:33:31><A new data.csv file has been created.>
<3><22/12/2022 22:33:31><Successfully closed the sensor_date file>
<0><22/12/2022 22:33:53><Gateway started>
<0><22/12/2022 22:34:11><Gateway started>
<0><22/12/2022 22:34:50><Gateway started>
<1><22/12/2022 22:34:50><Successfully opened the sensor_date file>
<2><22/12/2022 22:34:50><A new data.csv file has been created.>
<3><22/12/2022 22:34:50><Successfully closed the sensor_date file>
<0><22/12/2022 22:35:27><Gateway started>
<1><22/12/2022 22:35:27><Successfully opened the sensor_date file>
<2><22/12/2022 22:35:27><A new data.csv file has been created.>
<3><22/12/2022 22:35:27><Data insertion from sensor 0 succeeded.>
<0><22/12/2022 22:38:08><Gateway started>
<0><22/12/2022 22:38:20><Gateway started>
<0><22/12/2022 22:39:55><Gateway started>
<0><22/12/2022 22:50:44><Gateway started>
<0><22/12/2022 22:50:47><Gateway started>
<1><22/12/2022 22:50:47><Successfully opened the sensor_date file>
<2><22/12/2022 22:50:47><A new data.csv file has been created.>
<0><22/12/2022 22:50:49><Gateway started>
<0><22/12/2022 22:50:50><Gateway started>
<0><23/12/2022 09:52:05><Gateway started>
<0><23/12/2022 09:54:01><Gateway started>
<0><23/12/2022 09:54:45><Successfully opened the sensor_date file>
<1><23/12/2022 09:54:45><A new data.csv file has been created.>
<2><23/12/2022 09:54:45><Gateway started>
<0><23/12/2022 09:55:21><Successfully opened the sensor_date file>
<1><23/12/2022 09:55:21><A new data.csv file has been created.>
<2><23/12/2022 09:55:21><Gateway started>
